Debug\SimpleImage.pdb
E:\课程\3上\图像信息处理\SIMPLEIMAGE-FOR_2010\DEBUG\CHILDVIEW.OBJ
E:\课程\3上\图像信息处理\SIMPLEIMAGE-FOR_2010\DEBUG\CIMAGE.OBJ
E:\课程\3上\图像信息处理\SIMPLEIMAGE-FOR_2010\DEBUG\CIMAGE.RES
E:\课程\3上\图像信息处理\SimpleImage-For_2010\Debug\CImage.vcxprojResolveAssemblyReference.cache
E:\课程\3上\图像信息处理\SimpleImage-For_2010\Debug\cl.command.1.tlog
E:\课程\3上\图像信息处理\SimpleImage-For_2010\Debug\CL.read.1.tlog
E:\课程\3上\图像信息处理\SimpleImage-For_2010\Debug\CL.write.1.tlog
E:\课程\3上\图像信息处理\SIMPLEIMAGE-FOR_2010\DEBUG\INFODLG.OBJ
E:\课程\3上\图像信息处理\SimpleImage-For_2010\Debug\link.command.1.tlog
E:\课程\3上\图像信息处理\SimpleImage-For_2010\Debug\link.read.1.tlog
E:\课程\3上\图像信息处理\SimpleImage-For_2010\Debug\link.write.1.tlog
E:\课程\3上\图像信息处理\SimpleImage-For_2010\Debug\link-cvtres.read.1.tlog
E:\课程\3上\图像信息处理\SimpleImage-For_2010\Debug\link-cvtres.write.1.tlog
E:\课程\3上\图像信息处理\SIMPLEIMAGE-FOR_2010\DEBUG\MAINFRM.OBJ
E:\课程\3上\图像信息处理\SimpleImage-For_2010\Debug\rc.command.1.tlog
E:\课程\3上\图像信息处理\SimpleImage-For_2010\Debug\rc.read.1.tlog
E:\课程\3上\图像信息处理\SimpleImage-For_2010\Debug\rc.write.1.tlog
E:\课程\3上\图像信息处理\SimpleImage-For_2010\Debug\SimpleImage.exe.embed.manifest
E:\课程\3上\图像信息处理\SIMPLEIMAGE-FOR_2010\DEBUG\SIMPLEIMAGE.EXE.EMBED.MANIFEST.RES
E:\课程\3上\图像信息处理\SimpleImage-For_2010\Debug\SimpleImage.exe.intermediate.manifest
E:\课程\3上\图像信息处理\SIMPLEIMAGE-FOR_2010\DEBUG\SIMPLEIMAGE.PCH
E:\课程\3上\图像信息处理\SimpleImage-For_2010\Debug\SimpleImage.pdb
E:\课程\3上\图像信息处理\SimpleImage-For_2010\Debug\SimpleImage.write.1.tlog
E:\课程\3上\图像信息处理\SimpleImage-For_2010\Debug\SimpleImage_manifest.rc
E:\课程\3上\图像信息处理\SIMPLEIMAGE-FOR_2010\DEBUG\STDAFX.OBJ
E:\课程\3上\图像信息处理\SimpleImage-For_2010\Debug\vc100.idb
E:\课程\3上\图像信息处理\SIMPLEIMAGE-FOR_2010\DEBUG\VC100.PDB
