生成启动时间为 2015/12/27 17:19:40。
     1>项目“E:\课程\3上\图像信息处理\lab6\SimpleImage-For_2010\CImage.vcxproj”在节点 2 上(build 个目标)。
     1>InitializeBuildStatus:
         正在创建“Debug\SimpleImage.unsuccessfulbuild”，因为已指定“AlwaysCreate”。
       ClCompile:
         所有输出均为最新。
         d:\Program Files\VS2010\VC\bin\CL.exe /c /Zi /nologo /W4 /WX /Od /Oy- /D WIN32 /D _WINDOWS /D _DEBUG /D _MBCS /D _AFXDLL /Gm /EHsc /RTC1 /MDd /GS /fp:precise /Zc:wchar_t /Zc:forScope /Fo"Debug\\" /Fd"Debug\vc100.pdb" /Gd /TP /analyze- /errorReport:prompt ChildView.cpp
         ChildView.cpp
       ResourceCompile:
         所有输出均为最新。
       ManifestResourceCompile:
         所有输出均为最新。
       Link:
         d:\Program Files\VS2010\VC\bin\link.exe /ERRORREPORT:PROMPT /OUT:"Debug\SimpleImage.exe" /INCREMENTAL /NOLOGO kernel32.lib user32.lib gdi32.lib winspool.lib comdlg32.lib advapi32.lib shell32.lib ole32.lib oleaut32.lib uuid.lib odbc32.lib odbccp32.lib opencv_calib3d2411d.lib opencv_contrib2411d.lib opencv_core2411d.lib opencv_features2d2411d.lib opencv_flann2411d.lib opencv_gpu2411d.lib opencv_highgui2411d.lib opencv_imgproc2411d.lib opencv_legacy2411d.lib opencv_ml2411d.lib opencv_objdetect2411d.lib opencv_ts2411d.lib opencv_video2411d.lib /MANIFEST /ManifestFile:"Debug\SimpleImage.exe.intermediate.manifest" /MANIFESTUAC:"level='asInvoker' uiAccess='false'" /DEBUG /PDB:"E:\课程\3上\图像信息处理\lab6\SimpleImage-For_2010\Debug\SimpleImage.pdb" /SUBSYSTEM:WINDOWS /TLBID:1 /DYNAMICBASE:NO /IMPLIB:"Debug\SimpleImage.lib" /MACHINE:X86 Debug\CImage.res
         Debug\SimpleImage.exe.embed.manifest.res
         Debug\ChildView.obj
         Debug\CImage.obj
         Debug\InfoDlg.obj
         Debug\MainFrm.obj
         Debug\stdafx.obj /SAFESEH 
       Manifest:
         C:\Program Files\Microsoft SDKs\Windows\v7.0A\bin\mt.exe /nologo /verbose /out:"Debug\SimpleImage.exe.embed.manifest" /manifest Debug\SimpleImage.exe.intermediate.manifest "d:\Program Files\VS2010\VC\Include\Manifest\dpiaware.manifest"
         所有输出均为最新。
       LinkEmbedManifest:
         所有输出均为最新。
         CImage.vcxproj -> E:\课程\3上\图像信息处理\lab6\SimpleImage-For_2010\Debug\SimpleImage.exe
       FinalizeBuildStatus:
         正在删除文件“Debug\SimpleImage.unsuccessfulbuild”。
         正在对“Debug\SimpleImage.lastbuildstate”执行 Touch 任务。
     1>已完成生成项目“E:\课程\3上\图像信息处理\lab6\SimpleImage-For_2010\CImage.vcxproj”(build 个目标)的操作。

生成成功。

已用时间 00:00:03.62
